<?xml version="1.0" encoding="UTF-8"?>
<!-- Generated by org.testng.reporters.JUnitReportReporter -->
<testsuite name="files.JsonStringToJsonObjectConverter" tests="1" time="0.035" ignored="0" failures="0" timestamp="25 Oct 2021 09:02:18 GMT" skipped="0" hostname="W10x64" errors="0">
  <testcase name="method" time="0.035" classname="files.JsonStringToJsonObjectConverter"/>
</testsuite> <!-- files.JsonStringToJsonObjectConverter -->
