<?xml version="1.0" encoding="UTF-8"?>
<!-- Generated by org.testng.reporters.JUnitReportReporter -->
<testsuite name="Serilisation.Serilisation_Implementation" tests="1" time="6.282" ignored="0" failures="0" timestamp="28 Sep 2021 06:41:10 GMT" skipped="0" hostname="W10x64" errors="0">
  <testcase name="serilisationConceptAddPlaceAPI" time="6.282" classname="Serilisation.Serilisation_Implementation"/>
</testsuite> <!-- Serilisation.Serilisation_Implementation -->
