<?xml version="1.0" encoding="UTF-8"?>
<!-- Generated by org.testng.reporters.JUnitReportReporter -->
<testsuite name="DynamicJasonParameterisation" tests="3" time="3.878" ignored="0" failures="0" timestamp="19 Sep 2021 13:56:30 GMT" skipped="0" hostname="W10x64" errors="0">
  <testcase name="addBook" time="3.427" classname="DynamicJasonParameterisation"/>
  <testcase name="addBook" time="0.220" classname="DynamicJasonParameterisation"/>
  <testcase name="addBook" time="0.231" classname="DynamicJasonParameterisation"/>
</testsuite> <!-- DynamicJasonParameterisation -->
