<?xml version="1.0" encoding="UTF-8"?>
<!-- Generated by org.testng.reporters.JUnitReportReporter -->
<testsuite name="implementationRestassuredLibrary22Sep2021.AddingTheComment2" tests="1" time="6.562" ignored="0" failures="0" timestamp="23 Sep 2021 08:31:08 GMT" skipped="0" hostname="W10x64" errors="0">
  <testcase name="cookieSessionCreateAddComment" time="6.562" classname="implementationRestassuredLibrary22Sep2021.AddingTheComment2"/>
</testsuite> <!-- implementationRestassuredLibrary22Sep2021.AddingTheComment2 -->
