<?xml version="1.0" encoding="UTF-8"?>
<!-- Generated by org.testng.reporters.JUnitReportReporter -->
<testsuite name="OauthAuthentication" tests="1" time="7.170" ignored="0" failures="0" timestamp="25 Sep 2021 05:38:45 GMT" skipped="0" hostname="W10x64" errors="0">
  <testcase name="oAuthImplementation" time="7.170" classname="OauthAuthentication"/>
</testsuite> <!-- OauthAuthentication -->
