<?xml version="1.0" encoding="UTF-8"?>
<!-- Generated by org.testng.reporters.JUnitReportReporter -->
<testsuite name="implementationResassuredLibrary22Sep2021.AddingTheComment" tests="1" time="11.519" ignored="0" failures="0" timestamp="22 Sep 2021 11:33:24 GMT" skipped="0" hostname="W10x64" errors="0">
  <testcase name="cookieSessionCreateAddComment" time="11.519" classname="implementationResassuredLibrary22Sep2021.AddingTheComment"/>
</testsuite> <!-- implementationResassuredLibrary22Sep2021.AddingTheComment -->
