<?xml version="1.0" encoding="UTF-8"?>
<!-- Generated by org.testng.reporters.JUnitReportReporter -->
<testsuite name="DynamicJason" tests="1" time="4.515" ignored="0" failures="0" timestamp="23 Sep 2021 05:22:17 GMT" skipped="0" hostname="W10x64" errors="0">
  <testcase name="addBook" time="4.515" classname="DynamicJason"/>
</testsuite> <!-- DynamicJason -->
