<?xml version="1.0" encoding="UTF-8"?>
<!-- Generated by org.testng.reporters.JUnitReportReporter -->
<testsuite name="SpecsBuilder.SpecsBuilder_Implementation" tests="1" time="10.226" ignored="0" failures="0" timestamp="28 Sep 2021 08:13:46 GMT" skipped="0" hostname="W10x64" errors="0">
  <testcase name="serilisationConceptAddPlaceAPI" time="10.226" classname="SpecsBuilder.SpecsBuilder_Implementation"/>
</testsuite> <!-- SpecsBuilder.SpecsBuilder_Implementation -->
