<?xml version="1.0" encoding="UTF-8"?>
<!-- Generated by org.testng.reporters.JUnitReportReporter -->
<testsuite name="ParameterisationwithPayloadExtenalFile" tests="1" time="5.673" ignored="0" failures="0" timestamp="19 Sep 2021 14:20:48 GMT" skipped="0" hostname="W10x64" errors="0">
  <testcase name="addBook" time="5.673" classname="ParameterisationwithPayloadExtenalFile"/>
</testsuite> <!-- ParameterisationwithPayloadExtenalFile -->
