<?xml version="1.0" encoding="UTF-8"?>
<!-- Generated by org.testng.reporters.JUnitReportReporter -->
<testsuite name="PojoDeserilisationSerilisationImplementation.OauthAuthentication" tests="1" time="7.580" ignored="0" failures="0" timestamp="27 Sep 2021 10:56:11 GMT" skipped="0" hostname="W10x64" errors="0">
  <testcase name="oAuthImplementation" time="7.580" classname="PojoDeserilisationSerilisationImplementation.OauthAuthentication"/>
</testsuite> <!-- PojoDeserilisationSerilisationImplementation.OauthAuthentication -->
